[debug] [2025-09-27T04:30:37.843Z] ----------------------------------------------------------------------
[debug] [2025-09-27T04:30:37.845Z] Command:       C:\Program Files\nodejs\node.exe C:\Users\junin\AppData\Roaming\npm\node_modules\firebase-tools\lib\bin\firebase.js deploy --only functions
[debug] [2025-09-27T04:30:37.845Z] CLI Version:   14.14.0
[debug] [2025-09-27T04:30:37.845Z] Platform:      win32
[debug] [2025-09-27T04:30:37.845Z] Node Version:  v22.18.0
[debug] [2025-09-27T04:30:37.846Z] Time:          Sat Sep 27 2025 01:30:37 GMT-0300 (Horário Padrão de Brasília)
[debug] [2025-09-27T04:30:37.846Z] ----------------------------------------------------------------------
[debug] 
[debug] [2025-09-27T04:30:37.848Z] >>> [apiv2][query] GET https://firebase-public.firebaseio.com/cli.json [none]
[debug] [2025-09-27T04:30:38.053Z] > command requires scopes: ["email","openid","https://www.googleapis.com/auth/cloudplatformprojects.readonly","https://www.googleapis.com/auth/firebase","https://www.googleapis.com/auth/cloud-platform"]
[debug] [2025-09-27T04:30:38.053Z] > authorizing via signed-in user (osnigilbertojunior@gmail.com)
[debug] [2025-09-27T04:30:38.053Z] [iam] checking project turboexpress-2f71a for permissions ["cloudfunctions.functions.create","cloudfunctions.functions.delete","cloudfunctions.functions.get","cloudfunctions.functions.list","cloudfunctions.functions.update","cloudfunctions.operations.get","firebase.projects.get"]
[debug] [2025-09-27T04:30:38.054Z] Checked if tokens are valid: false, expires at: 1758855239908
[debug] [2025-09-27T04:30:38.054Z] Checked if tokens are valid: false, expires at: 1758855239908
[debug] [2025-09-27T04:30:38.054Z] > refreshing access token with scopes: []
[debug] [2025-09-27T04:30:38.055Z] >>> [apiv2][query] POST https://www.googleapis.com/oauth2/v3/token [none]
[debug] [2025-09-27T04:30:38.055Z] >>> [apiv2][body] POST https://www.googleapis.com/oauth2/v3/token [omitted]
[debug] [2025-09-27T04:30:38.238Z] <<< [apiv2][status] POST https://www.googleapis.com/oauth2/v3/token 200
[debug] [2025-09-27T04:30:38.238Z] <<< [apiv2][body] POST https://www.googleapis.com/oauth2/v3/token [omitted]
[debug] [2025-09-27T04:30:38.243Z] >>> [apiv2][query] POST https://cloudresourcemanager.googleapis.com/v1/projects/turboexpress-2f71a:testIamPermissions [none]
[debug] [2025-09-27T04:30:38.243Z] >>> [apiv2][(partial)header] POST https://cloudresourcemanager.googleapis.com/v1/projects/turboexpress-2f71a:testIamPermissions x-goog-quota-user=projects/turboexpress-2f71a
[debug] [2025-09-27T04:30:38.243Z] >>> [apiv2][body] POST https://cloudresourcemanager.googleapis.com/v1/projects/turboexpress-2f71a:testIamPermissions {"permissions":["cloudfunctions.functions.create","cloudfunctions.functions.delete","cloudfunctions.functions.get","cloudfunctions.functions.list","cloudfunctions.functions.update","cloudfunctions.operations.get","firebase.projects.get"]}
[debug] [2025-09-27T04:30:38.703Z] <<< [apiv2][status] GET https://firebase-public.firebaseio.com/cli.json 200
[debug] [2025-09-27T04:30:38.703Z] <<< [apiv2][body] GET https://firebase-public.firebaseio.com/cli.json {"cloudBuildErrorAfter":1594252800000,"cloudBuildWarnAfter":1590019200000,"defaultNode10After":1594252800000,"minVersion":"3.0.5","node8DeploysDisabledAfter":1613390400000,"node8RuntimeDisabledAfter":1615809600000,"node8WarnAfter":1600128000000}
[debug] [2025-09-27T04:30:39.162Z] <<< [apiv2][status] POST https://cloudresourcemanager.googleapis.com/v1/projects/turboexpress-2f71a:testIamPermissions 200
[debug] [2025-09-27T04:30:39.162Z] <<< [apiv2][body] POST https://cloudresourcemanager.googleapis.com/v1/projects/turboexpress-2f71a:testIamPermissions {"permissions":["cloudfunctions.functions.create","cloudfunctions.functions.delete","cloudfunctions.functions.get","cloudfunctions.functions.list","cloudfunctions.functions.update","cloudfunctions.operations.get","firebase.projects.get"]}
[debug] [2025-09-27T04:30:39.163Z] Checked if tokens are valid: true, expires at: 1758951037238
[debug] [2025-09-27T04:30:39.163Z] Checked if tokens are valid: true, expires at: 1758951037238
[debug] [2025-09-27T04:30:39.163Z] >>> [apiv2][query] POST https://iam.googleapis.com/v1/projects/turboexpress-2f71a/serviceAccounts/turboexpress-2f71a@appspot.gserviceaccount.com:testIamPermissions [none]
[debug] [2025-09-27T04:30:39.163Z] >>> [apiv2][body] POST https://iam.googleapis.com/v1/projects/turboexpress-2f71a/serviceAccounts/turboexpress-2f71a@appspot.gserviceaccount.com:testIamPermissions {"permissions":["iam.serviceAccounts.actAs"]}
